{"contracts/access/IAccessRestriction.sol":{"l":{},"path":"/home/ethnode/workplace/nft_canvas/packages/hardhat/contracts/access/IAccessRestriction.sol","s":{},"b":{},"f":{},"fnMap":{},"statementMap":{},"branchMap":{}},"contracts/ERC998/ERC1155Composable.sol":{"l":{"37":36,"44":36,"45":36,"46":36,"47":36,"54":36,"55":36,"117":9,"123":8,"125":8,"128":8,"130":8,"132":8,"134":8,"136":8,"144":3,"146":3,"148":3,"149":3,"152":0,"167":0,"177":0,"178":0,"181":0,"183":0,"184":0,"187":0,"191":0,"304":0,"306":0,"307":0,"309":0,"311":0,"315":0,"344":0,"346":0,"347":0,"350":0,"351":0,"354":0,"356":0,"363":0,"364":0,"365":0,"366":0,"379":0,"382":0,"385":0,"386":0,"392":0,"409":8,"410":8,"411":8,"426":0,"430":0,"434":0,"435":0,"436":0,"448":0,"452":0,"456":0,"457":0,"458":0,"473":3,"477":2,"478":1,"483":38,"484":38,"486":37,"491":2,"495":1,"496":1,"502":37,"512":2,"516":1,"517":1,"527":1,"528":1,"537":4},"path":"/home/ethnode/workplace/nft_canvas/packages/hardhat/contracts/ERC998/ERC1155Composable.sol","s":{"1":36,"2":36,"3":36,"4":36,"5":36,"6":36,"7":36,"8":9,"9":8,"10":8,"11":8,"12":8,"13":8,"14":8,"15":8,"16":3,"17":3,"18":3,"19":3,"20":0,"21":0,"22":0,"23":0,"24":0,"25":0,"26":0,"27":0,"28":0,"29":0,"30":0,"31":0,"32":0,"33":0,"34":0,"35":0,"36":0,"37":0,"38":0,"39":0,"40":0,"41":0,"42":0,"43":0,"44":0,"45":0,"46":0,"47":0,"48":0,"49":0,"50":8,"51":8,"52":8,"53":0,"54":0,"55":0,"56":0,"57":0,"58":0,"59":0,"60":0,"61":0,"62":0,"63":3,"64":2,"65":1,"66":38,"67":38,"68":37,"69":2,"70":1,"71":1,"72":37,"73":2,"74":1,"75":1,"76":1,"77":1,"78":4},"b":{"1":[8,1],"2":[3,0],"3":[3,0],"4":[0,0],"5":[0,0],"6":[0,0],"7":[0,0],"8":[0,0],"9":[0,0],"10":[0,0],"11":[0,0],"12":[8,0],"13":[8,0],"14":[8,0],"15":[0,0],"16":[0,0],"17":[0,0],"18":[0,0],"19":[2,1],"20":[37,1],"21":[1,1],"22":[1,1],"23":[1,0]},"f":{"1":36,"2":36,"3":36,"4":9,"5":3,"6":0,"7":0,"8":0,"9":0,"10":0,"11":0,"12":0,"13":8,"14":0,"15":0,"16":3,"17":38,"18":2,"19":37,"20":2,"21":1,"22":4,"23":0},"fnMap":{"1":{"name":"initialize","line":36,"loc":{"start":{"line":33,"column":4},"end":{"line":38,"column":4}}},"2":{"name":"__ERC1155Composable_init","line":43,"loc":{"start":{"line":40,"column":4},"end":{"line":48,"column":4}}},"3":{"name":"__ERC1155Composable_init_unchained","line":53,"loc":{"start":{"line":50,"column":4},"end":{"line":56,"column":4}}},"4":{"name":"mint","line":115,"loc":{"start":{"line":115,"column":4},"end":{"line":137,"column":4}}},"5":{"name":"uri","line":143,"loc":{"start":{"line":143,"column":4},"end":{"line":153,"column":4}}},"6":{"name":"childBalance","line":162,"loc":{"start":{"line":162,"column":4},"end":{"line":168,"column":4}}},"7":{"name":"childTokensFor","line":176,"loc":{"start":{"line":176,"column":4},"end":{"line":188,"column":4}}},"8":{"name":"creatorOf","line":190,"loc":{"start":{"line":190,"column":4},"end":{"line":192,"column":4}}},"9":{"name":"onERC1155Received","line":291,"loc":{"start":{"line":291,"column":4},"end":{"line":316,"column":4}}},"10":{"name":"onERC1155BatchReceived","line":331,"loc":{"start":{"line":331,"column":4},"end":{"line":357,"column":4}}},"11":{"name":"_loadRecipientTokenId","line":362,"loc":{"start":{"line":362,"column":4},"end":{"line":367,"column":4}}},"12":{"name":"_validateRecipientToken","line":378,"loc":{"start":{"line":378,"column":4},"end":{"line":394,"column":4}}},"13":{"name":"_validateIncomingMint","line":401,"loc":{"start":{"line":401,"column":4},"end":{"line":412,"column":4}}},"14":{"name":"_receiveChild","line":425,"loc":{"start":{"line":425,"column":4},"end":{"line":438,"column":4}}},"15":{"name":"_removeChild","line":447,"loc":{"start":{"line":447,"column":4},"end":{"line":460,"column":4}}},"16":{"name":"updateAccessRestriction","line":472,"loc":{"start":{"line":472,"column":4},"end":{"line":479,"column":4}}},"17":{"name":"_setAccessRestriction","line":481,"loc":{"start":{"line":481,"column":4},"end":{"line":487,"column":4}}},"18":{"name":"setBaseUri","line":490,"loc":{"start":{"line":490,"column":4},"end":{"line":497,"column":4}}},"19":{"name":"_setBaseUri","line":501,"loc":{"start":{"line":501,"column":4},"end":{"line":503,"column":4}}},"20":{"name":"updateTokenUri","line":511,"loc":{"start":{"line":511,"column":4},"end":{"line":518,"column":4}}},"21":{"name":"_setTokenUri","line":526,"loc":{"start":{"line":526,"column":4},"end":{"line":529,"column":4}}},"22":{"name":"_exists","line":536,"loc":{"start":{"line":536,"column":4},"end":{"line":538,"column":4}}},"23":{"name":"_beforeChildTransfer","line":544,"loc":{"start":{"line":544,"column":4},"end":{"line":554,"column":6}}}},"statementMap":{"1":{"start":{"line":37,"column":8},"end":{"line":37,"column":61}},"2":{"start":{"line":44,"column":8},"end":{"line":44,"column":33}},"3":{"start":{"line":45,"column":8},"end":{"line":45,"column":32}},"4":{"start":{"line":46,"column":8},"end":{"line":46,"column":41}},"5":{"start":{"line":47,"column":8},"end":{"line":47,"column":71}},"6":{"start":{"line":54,"column":8},"end":{"line":54,"column":28}},"7":{"start":{"line":55,"column":8},"end":{"line":55,"column":48}},"8":{"start":{"line":117,"column":8},"end":{"line":117,"column":4913}},"9":{"start":{"line":123,"column":8},"end":{"line":123,"column":58}},"10":{"start":{"line":125,"column":8},"end":{"line":125,"column":50}},"11":{"start":{"line":128,"column":8},"end":{"line":128,"column":39}},"12":{"start":{"line":130,"column":8},"end":{"line":130,"column":37}},"13":{"start":{"line":132,"column":8},"end":{"line":132,"column":37}},"14":{"start":{"line":134,"column":8},"end":{"line":134,"column":43}},"15":{"start":{"line":136,"column":8},"end":{"line":136,"column":22}},"16":{"start":{"line":144,"column":8},"end":{"line":144,"column":68}},"17":{"start":{"line":146,"column":8},"end":{"line":146,"column":52}},"18":{"start":{"line":148,"column":8},"end":{"line":148,"column":5849}},"19":{"start":{"line":149,"column":12},"end":{"line":149,"column":62}},"20":{"start":{"line":152,"column":8},"end":{"line":152,"column":87}},"21":{"start":{"line":167,"column":8},"end":{"line":167,"column":77}},"22":{"start":{"line":177,"column":8},"end":{"line":177,"column":7225}},"23":{"start":{"line":178,"column":12},"end":{"line":178,"column":35}},"24":{"start":{"line":181,"column":8},"end":{"line":181,"column":108}},"25":{"start":{"line":183,"column":8},"end":{"line":183,"column":7472}},"26":{"start":{"line":184,"column":12},"end":{"line":184,"column":79}},"27":{"start":{"line":187,"column":8},"end":{"line":187,"column":26}},"28":{"start":{"line":191,"column":8},"end":{"line":191,"column":42}},"29":{"start":{"line":304,"column":8},"end":{"line":304,"column":121}},"30":{"start":{"line":306,"column":8},"end":{"line":306,"column":59}},"31":{"start":{"line":307,"column":8},"end":{"line":307,"column":67}},"32":{"start":{"line":309,"column":8},"end":{"line":309,"column":77}},"33":{"start":{"line":311,"column":8},"end":{"line":311,"column":95}},"34":{"start":{"line":315,"column":8},"end":{"line":315,"column":46}},"35":{"start":{"line":344,"column":8},"end":{"line":344,"column":121}},"36":{"start":{"line":346,"column":8},"end":{"line":346,"column":59}},"37":{"start":{"line":347,"column":8},"end":{"line":347,"column":67}},"38":{"start":{"line":350,"column":8},"end":{"line":350,"column":14682}},"39":{"start":{"line":351,"column":12},"end":{"line":351,"column":89}},"40":{"start":{"line":354,"column":8},"end":{"line":354,"column":102}},"41":{"start":{"line":356,"column":8},"end":{"line":356,"column":51}},"42":{"start":{"line":363,"column":8},"end":{"line":363,"column":33}},"43":{"start":{"line":364,"column":8},"end":{"line":364,"column":45}},"44":{"start":{"line":366,"column":8},"end":{"line":366,"column":32}},"45":{"start":{"line":379,"column":8},"end":{"line":379,"column":77}},"46":{"start":{"line":382,"column":8},"end":{"line":382,"column":127}},"47":{"start":{"line":385,"column":8},"end":{"line":385,"column":16173}},"48":{"start":{"line":386,"column":12},"end":{"line":386,"column":16216}},"49":{"start":{"line":392,"column":12},"end":{"line":392,"column":63}},"50":{"start":{"line":409,"column":8},"end":{"line":409,"column":88}},"51":{"start":{"line":410,"column":8},"end":{"line":410,"column":87}},"52":{"start":{"line":411,"column":8},"end":{"line":411,"column":95}},"53":{"start":{"line":426,"column":8},"end":{"line":426,"column":74}},"54":{"start":{"line":430,"column":8},"end":{"line":430,"column":18134}},"55":{"start":{"line":434,"column":8},"end":{"line":434,"column":18348}},"56":{"start":{"line":435,"column":11},"end":{"line":435,"column":75}},"57":{"start":{"line":436,"column":11},"end":{"line":436,"column":74}},"58":{"start":{"line":448,"column":8},"end":{"line":448,"column":19069}},"59":{"start":{"line":452,"column":8},"end":{"line":452,"column":19269}},"60":{"start":{"line":456,"column":8},"end":{"line":456,"column":19477}},"61":{"start":{"line":457,"column":12},"end":{"line":457,"column":79}},"62":{"start":{"line":458,"column":12},"end":{"line":458,"column":78}},"63":{"start":{"line":473,"column":8},"end":{"line":473,"column":20138}},"64":{"start":{"line":477,"column":8},"end":{"line":477,"column":48}},"65":{"start":{"line":478,"column":8},"end":{"line":478,"column":57}},"66":{"start":{"line":483,"column":8},"end":{"line":483,"column":83}},"67":{"start":{"line":484,"column":8},"end":{"line":484,"column":55}},"68":{"start":{"line":486,"column":8},"end":{"line":486,"column":45}},"69":{"start":{"line":491,"column":8},"end":{"line":491,"column":20806}},"70":{"start":{"line":495,"column":8},"end":{"line":495,"column":28}},"71":{"start":{"line":496,"column":8},"end":{"line":496,"column":37}},"72":{"start":{"line":502,"column":8},"end":{"line":502,"column":25}},"73":{"start":{"line":512,"column":8},"end":{"line":512,"column":21444}},"74":{"start":{"line":516,"column":8},"end":{"line":516,"column":40}},"75":{"start":{"line":517,"column":8},"end":{"line":517,"column":44}},"76":{"start":{"line":527,"column":8},"end":{"line":527,"column":65}},"77":{"start":{"line":528,"column":8},"end":{"line":528,"column":38}},"78":{"start":{"line":537,"column":8},"end":{"line":537,"column":36}}},"branchMap":{"1":{"line":117,"type":"if","locations":[{"start":{"line":117,"column":8},"end":{"line":117,"column":8}},{"start":{"line":117,"column":8},"end":{"line":117,"column":8}}]},"2":{"line":144,"type":"if","locations":[{"start":{"line":144,"column":8},"end":{"line":144,"column":8}},{"start":{"line":144,"column":8},"end":{"line":144,"column":8}}]},"3":{"line":148,"type":"if","locations":[{"start":{"line":148,"column":8},"end":{"line":148,"column":8}},{"start":{"line":148,"column":8},"end":{"line":148,"column":8}}]},"4":{"line":177,"type":"if","locations":[{"start":{"line":177,"column":8},"end":{"line":177,"column":8}},{"start":{"line":177,"column":8},"end":{"line":177,"column":8}}]},"5":{"line":304,"type":"if","locations":[{"start":{"line":304,"column":8},"end":{"line":304,"column":8}},{"start":{"line":304,"column":8},"end":{"line":304,"column":8}}]},"6":{"line":344,"type":"if","locations":[{"start":{"line":344,"column":8},"end":{"line":344,"column":8}},{"start":{"line":344,"column":8},"end":{"line":344,"column":8}}]},"7":{"line":379,"type":"if","locations":[{"start":{"line":379,"column":8},"end":{"line":379,"column":8}},{"start":{"line":379,"column":8},"end":{"line":379,"column":8}}]},"8":{"line":382,"type":"if","locations":[{"start":{"line":382,"column":8},"end":{"line":382,"column":8}},{"start":{"line":382,"column":8},"end":{"line":382,"column":8}}]},"9":{"line":385,"type":"if","locations":[{"start":{"line":385,"column":8},"end":{"line":385,"column":8}},{"start":{"line":385,"column":8},"end":{"line":385,"column":8}}]},"10":{"line":386,"type":"if","locations":[{"start":{"line":386,"column":12},"end":{"line":386,"column":12}},{"start":{"line":386,"column":12},"end":{"line":386,"column":12}}]},"11":{"line":392,"type":"if","locations":[{"start":{"line":392,"column":12},"end":{"line":392,"column":12}},{"start":{"line":392,"column":12},"end":{"line":392,"column":12}}]},"12":{"line":409,"type":"if","locations":[{"start":{"line":409,"column":8},"end":{"line":409,"column":8}},{"start":{"line":409,"column":8},"end":{"line":409,"column":8}}]},"13":{"line":410,"type":"if","locations":[{"start":{"line":410,"column":8},"end":{"line":410,"column":8}},{"start":{"line":410,"column":8},"end":{"line":410,"column":8}}]},"14":{"line":411,"type":"if","locations":[{"start":{"line":411,"column":8},"end":{"line":411,"column":8}},{"start":{"line":411,"column":8},"end":{"line":411,"column":8}}]},"15":{"line":426,"type":"if","locations":[{"start":{"line":426,"column":8},"end":{"line":426,"column":8}},{"start":{"line":426,"column":8},"end":{"line":426,"column":8}}]},"16":{"line":434,"type":"if","locations":[{"start":{"line":434,"column":8},"end":{"line":434,"column":8}},{"start":{"line":434,"column":8},"end":{"line":434,"column":8}}]},"17":{"line":448,"type":"if","locations":[{"start":{"line":448,"column":8},"end":{"line":448,"column":8}},{"start":{"line":448,"column":8},"end":{"line":448,"column":8}}]},"18":{"line":456,"type":"if","locations":[{"start":{"line":456,"column":8},"end":{"line":456,"column":8}},{"start":{"line":456,"column":8},"end":{"line":456,"column":8}}]},"19":{"line":473,"type":"if","locations":[{"start":{"line":473,"column":8},"end":{"line":473,"column":8}},{"start":{"line":473,"column":8},"end":{"line":473,"column":8}}]},"20":{"line":484,"type":"if","locations":[{"start":{"line":484,"column":8},"end":{"line":484,"column":8}},{"start":{"line":484,"column":8},"end":{"line":484,"column":8}}]},"21":{"line":491,"type":"if","locations":[{"start":{"line":491,"column":8},"end":{"line":491,"column":8}},{"start":{"line":491,"column":8},"end":{"line":491,"column":8}}]},"22":{"line":512,"type":"if","locations":[{"start":{"line":512,"column":8},"end":{"line":512,"column":8}},{"start":{"line":512,"column":8},"end":{"line":512,"column":8}}]},"23":{"line":527,"type":"if","locations":[{"start":{"line":527,"column":8},"end":{"line":527,"column":8}},{"start":{"line":527,"column":8},"end":{"line":527,"column":8}}]}}},"contracts/ERC998/IERC1155Composable.sol":{"l":{},"path":"/home/ethnode/workplace/nft_canvas/packages/hardhat/contracts/ERC998/IERC1155Composable.sol","s":{},"b":{},"f":{},"fnMap":{},"statementMap":{},"branchMap":{}},"contracts/YourContract.sol":{"l":{"15":3,"19":1,"20":1,"21":1,"25":2},"path":"/home/ethnode/workplace/nft_canvas/packages/hardhat/contracts/YourContract.sol","s":{"1":3,"2":1,"3":1,"4":1,"5":2},"b":{},"f":{"1":3,"2":1,"3":2},"fnMap":{"1":{"name":"initialize","line":14,"loc":{"start":{"line":14,"column":4},"end":{"line":16,"column":4}}},"2":{"name":"setPurpose","line":18,"loc":{"start":{"line":18,"column":4},"end":{"line":22,"column":4}}},"3":{"name":"getPurpose","line":24,"loc":{"start":{"line":24,"column":4},"end":{"line":26,"column":4}}}},"statementMap":{"1":{"start":{"line":15,"column":8},"end":{"line":15,"column":25}},"2":{"start":{"line":19,"column":8},"end":{"line":19,"column":27}},"3":{"start":{"line":20,"column":8},"end":{"line":20,"column":55}},"4":{"start":{"line":21,"column":8},"end":{"line":21,"column":44}},"5":{"start":{"line":25,"column":8},"end":{"line":25,"column":22}}},"branchMap":{}}}