{"contracts/access/IAccessRestriction.sol":{"l":{},"path":"/home/ethnode/workplace/nft_canvas/packages/hardhat/contracts/access/IAccessRestriction.sol","s":{},"b":{},"f":{},"fnMap":{},"statementMap":{},"branchMap":{}},"contracts/YourContract.sol":{"l":{"15":0,"19":0,"20":0,"21":0,"25":0},"path":"/home/ethnode/workplace/nft_canvas/packages/hardhat/contracts/YourContract.sol","s":{"1":0,"2":0,"3":0,"4":0,"5":0},"b":{},"f":{"1":0,"2":0,"3":0},"fnMap":{"1":{"name":"initialize","line":14,"loc":{"start":{"line":14,"column":4},"end":{"line":16,"column":4}}},"2":{"name":"setPurpose","line":18,"loc":{"start":{"line":18,"column":4},"end":{"line":22,"column":4}}},"3":{"name":"getPurpose","line":24,"loc":{"start":{"line":24,"column":4},"end":{"line":26,"column":4}}}},"statementMap":{"1":{"start":{"line":15,"column":8},"end":{"line":15,"column":25}},"2":{"start":{"line":19,"column":8},"end":{"line":19,"column":27}},"3":{"start":{"line":20,"column":8},"end":{"line":20,"column":55}},"4":{"start":{"line":21,"column":8},"end":{"line":21,"column":44}},"5":{"start":{"line":25,"column":8},"end":{"line":25,"column":22}}},"branchMap":{}}}